<?xml version="1.0" encoding="UTF-8"?>
<testsuites name="Authentification" time="69.371" tests="4" failures="0" errors="0">
   <testsuite name="Authentification" tests="4" failures="0" errors="0" time="69.371" skipped="0" timestamp="04-03-2024T16:01:10" hostname="momar - ordimomar" id="Test Suites/Authentification">
      <properties>
         <property name="deviceName" value=""/>
         <property name="devicePlatform" value=""/>
         <property name="logFolder" value="C:\\Users\\momar\\git\\POE_M2i_CA_V1.0-TestTNR\\Reports\\20240304_160057\\Authentification\\20240304_160057"/>
         <property name="logFiles" value="C:\\Users\\momar\\git\\POE_M2i_CA_V1.0-TestTNR\\Reports\\20240304_160057\\Authentification\\20240304_160057\\execution0.log"/>
         <property name="attachments" value=""/>
         <property name="hostName" value="momar - ordimomar"/>
         <property name="os" value="Windows 11 64bit"/>
         <property name="katalonVersion" value="9.3.1.212"/>
         <property name="browser" value="Chrome 122.0.0.0"/>
         <property name="hostAddress" value="192.168.56.1"/>
         <property name="sessionId" value="8d08401c07585b89f76156712c489e9a"/>
         <property name="seleniumVersion" value="3.141.59"/>
         <property name="proxyInformation" value="ProxyInformation { proxyOption=NO_PROXY, proxyServerType=HTTP, username=, password=********, proxyServerAddress=, proxyServerPort=0, executionList=&quot;&quot;, isApplyToDesiredCapabilities=true }"/>
         <property name="platform" value="Windows 11"/>
      </properties>
      <testcase name="Test Cases/Connexion_Deconnexion_Profils_LDAP_Valide" time="16.611" classname="Test Cases/Connexion_Deconnexion_Profils_LDAP_Valide" status="PASSED">
         <system-out><![CDATA[04-03-2024T16:01:11 - [TEST_CASE][PASSED] - Test Cases/Connexion_Deconnexion_Profils_LDAP_Valide: Test Cases/Connexion_Deconnexion_Profils_LDAP_Valide

04-03-2024T16:01:12 - [TEST_STEP][PASSED] - openBrowser(""): Browser is opened with url: ''

04-03-2024T16:01:12 - [MESSAGE][INFO] - Starting 'Chrome' driver

04-03-2024T16:01:12 - [MESSAGE][INFO] - Action delay is set to 0 milliseconds

04-03-2024T16:01:15 - [MESSAGE][PASSED] - Browser is opened with url: ''

04-03-2024T16:01:15 - [TEST_STEP][PASSED] - navigateToUrl("http://credit-auto.qsiconseil.ma/"): Navigate to 'http://credit-auto.qsiconseil.ma/' successfully

04-03-2024T16:01:19 - [MESSAGE][PASSED] - Navigate to 'http://credit-auto.qsiconseil.ma/' successfully

04-03-2024T16:01:19 - [TEST_STEP][PASSED] - click(findTestObject("Object Repository/Page_Crdit Auto  QSI Conseil/a_Accs Crdit Auto")): Object: 'Object Repository/Page_Crdit Auto  QSI Conseil/a_Accs Crdit Auto' is clicked on

04-03-2024T16:01:20 - [MESSAGE][PASSED] - Object: 'Object Repository/Page_Crdit Auto  QSI Conseil/a_Accs Crdit Auto' is clicked on

04-03-2024T16:01:20 - [TEST_STEP][PASSED] - verifyElementText(findTestObject("Page_Crdit Auto  QSI Conseil/legend_Connectez-vous"), "Connectez-vous"): Actual text and expected text of test object 'Object Repository/Page_Crdit Auto  QSI Conseil/legend_Connectez-vous' are matched.

04-03-2024T16:01:21 - [MESSAGE][PASSED] - Actual text and expected text of test object 'Object Repository/Page_Crdit Auto  QSI Conseil/legend_Connectez-vous' are matched.

04-03-2024T16:01:21 - [TEST_STEP][PASSED] - setText(findTestObject("Object Repository/Page_Crdit Auto  QSI Conseil/input_concat(Nom d, , utilisateur)__username"), user): Text 'rcd' is set on object 'Object Repository/Page_Crdit Auto  QSI Conseil/input_concat(Nom d, , utilisateur)__username'

04-03-2024T16:01:22 - [MESSAGE][PASSED] - Text 'rcd' is set on object 'Object Repository/Page_Crdit Auto  QSI Conseil/input_concat(Nom d, , utilisateur)__username'

04-03-2024T16:01:22 - [TEST_STEP][PASSED] - setMaskedText(findTestObject("Object Repository/Page_Crdit Auto  QSI Conseil/input_Mot de passe__password"),*********): Text '*************' is set on object 'Object Repository/Page_Crdit Auto  QSI Conseil/input_Mot de passe__password'

04-03-2024T16:01:23 - [MESSAGE][PASSED] - Text '*************' is set on object 'Object Repository/Page_Crdit Auto  QSI Conseil/input_Mot de passe__password'

04-03-2024T16:01:23 - [TEST_STEP][PASSED] - click(findTestObject("Object Repository/Page_Crdit Auto  QSI Conseil/button_Se connecter")): Object: 'Object Repository/Page_Crdit Auto  QSI Conseil/button_Se connecter' is clicked on

04-03-2024T16:01:24 - [MESSAGE][PASSED] - Object: 'Object Repository/Page_Crdit Auto  QSI Conseil/button_Se connecter' is clicked on

04-03-2024T16:01:24 - [TEST_STEP][PASSED] - verifyElementText(findTestObject("Page_Crdit Auto  QSI Conseil/h4_Bienvenue sur lapplication Crdit Auto"), "Bienvenue sur l'application Crédit Auto"): Actual text and expected text of test object 'Object Repository/Page_Crdit Auto  QSI Conseil/h4_Bienvenue sur lapplication Crdit Auto' are matched.

04-03-2024T16:01:25 - [MESSAGE][PASSED] - Actual text and expected text of test object 'Object Repository/Page_Crdit Auto  QSI Conseil/h4_Bienvenue sur lapplication Crdit Auto' are matched.

04-03-2024T16:01:25 - [TEST_STEP][PASSED] - click(findTestObject("Object Repository/Page_Crdit Auto  QSI Conseil/a_Dconnexion")): Object: 'Object Repository/Page_Crdit Auto  QSI Conseil/a_Dconnexion' is clicked on

04-03-2024T16:01:27 - [MESSAGE][PASSED] - Object: 'Object Repository/Page_Crdit Auto  QSI Conseil/a_Dconnexion' is clicked on

04-03-2024T16:01:27 - [TEST_STEP][PASSED] - verifyElementPresent(findTestObject("Page_Crdit Auto  QSI Conseil/a_Accs Crdit Auto"), 0): Object 'Object Repository/Page_Crdit Auto  QSI Conseil/a_Accs Crdit Auto' is present

04-03-2024T16:01:27 - [MESSAGE][WARNING] - Timeout '0' is invalid. Using default page load timeout: '30'

04-03-2024T16:01:27 - [MESSAGE][PASSED] - Object 'Object Repository/Page_Crdit Auto  QSI Conseil/a_Accs Crdit Auto' is present

04-03-2024T16:01:27 - [TEST_STEP][PASSED] - closeBrowser(): Browser is closed

04-03-2024T16:01:28 - [MESSAGE][PASSED] - Browser is closed]]></system-out>
         <system-err><![CDATA[]]></system-err>
      </testcase>
      <testcase name="Test Cases/Connexion_Deconnexion_Profils_LDAP_Valide" time="22.438" classname="Test Cases/Connexion_Deconnexion_Profils_LDAP_Valide" status="PASSED">
         <system-out><![CDATA[04-03-2024T16:01:28 - [TEST_CASE][PASSED] - Test Cases/Connexion_Deconnexion_Profils_LDAP_Valide: Test Cases/Connexion_Deconnexion_Profils_LDAP_Valide

04-03-2024T16:01:28 - [TEST_STEP][PASSED] - openBrowser(""): Browser is opened with url: ''

04-03-2024T16:01:28 - [MESSAGE][INFO] - Starting 'Chrome' driver

04-03-2024T16:01:28 - [MESSAGE][INFO] - Action delay is set to 0 milliseconds

04-03-2024T16:01:29 - [MESSAGE][PASSED] - Browser is opened with url: ''

04-03-2024T16:01:29 - [TEST_STEP][PASSED] - navigateToUrl("http://credit-auto.qsiconseil.ma/"): Navigate to 'http://credit-auto.qsiconseil.ma/' successfully

04-03-2024T16:01:43 - [MESSAGE][PASSED] - Navigate to 'http://credit-auto.qsiconseil.ma/' successfully

04-03-2024T16:01:43 - [TEST_STEP][PASSED] - click(findTestObject("Object Repository/Page_Crdit Auto  QSI Conseil/a_Accs Crdit Auto")): Object: 'Object Repository/Page_Crdit Auto  QSI Conseil/a_Accs Crdit Auto' is clicked on

04-03-2024T16:01:44 - [MESSAGE][PASSED] - Object: 'Object Repository/Page_Crdit Auto  QSI Conseil/a_Accs Crdit Auto' is clicked on

04-03-2024T16:01:44 - [TEST_STEP][PASSED] - verifyElementText(findTestObject("Page_Crdit Auto  QSI Conseil/legend_Connectez-vous"), "Connectez-vous"): Actual text and expected text of test object 'Object Repository/Page_Crdit Auto  QSI Conseil/legend_Connectez-vous' are matched.

04-03-2024T16:01:45 - [MESSAGE][PASSED] - Actual text and expected text of test object 'Object Repository/Page_Crdit Auto  QSI Conseil/legend_Connectez-vous' are matched.

04-03-2024T16:01:45 - [TEST_STEP][PASSED] - setText(findTestObject("Object Repository/Page_Crdit Auto  QSI Conseil/input_concat(Nom d, , utilisateur)__username"), user): Text 'lcd' is set on object 'Object Repository/Page_Crdit Auto  QSI Conseil/input_concat(Nom d, , utilisateur)__username'

04-03-2024T16:01:46 - [MESSAGE][PASSED] - Text 'lcd' is set on object 'Object Repository/Page_Crdit Auto  QSI Conseil/input_concat(Nom d, , utilisateur)__username'

04-03-2024T16:01:46 - [TEST_STEP][PASSED] - setMaskedText(findTestObject("Object Repository/Page_Crdit Auto  QSI Conseil/input_Mot de passe__password"),*********): Text '*************' is set on object 'Object Repository/Page_Crdit Auto  QSI Conseil/input_Mot de passe__password'

04-03-2024T16:01:47 - [MESSAGE][PASSED] - Text '*************' is set on object 'Object Repository/Page_Crdit Auto  QSI Conseil/input_Mot de passe__password'

04-03-2024T16:01:47 - [TEST_STEP][PASSED] - click(findTestObject("Object Repository/Page_Crdit Auto  QSI Conseil/button_Se connecter")): Object: 'Object Repository/Page_Crdit Auto  QSI Conseil/button_Se connecter' is clicked on

04-03-2024T16:01:48 - [MESSAGE][PASSED] - Object: 'Object Repository/Page_Crdit Auto  QSI Conseil/button_Se connecter' is clicked on

04-03-2024T16:01:48 - [TEST_STEP][PASSED] - verifyElementText(findTestObject("Page_Crdit Auto  QSI Conseil/h4_Bienvenue sur lapplication Crdit Auto"), "Bienvenue sur l'application Crédit Auto"): Actual text and expected text of test object 'Object Repository/Page_Crdit Auto  QSI Conseil/h4_Bienvenue sur lapplication Crdit Auto' are matched.

04-03-2024T16:01:48 - [MESSAGE][PASSED] - Actual text and expected text of test object 'Object Repository/Page_Crdit Auto  QSI Conseil/h4_Bienvenue sur lapplication Crdit Auto' are matched.

04-03-2024T16:01:48 - [TEST_STEP][PASSED] - click(findTestObject("Object Repository/Page_Crdit Auto  QSI Conseil/a_Dconnexion")): Object: 'Object Repository/Page_Crdit Auto  QSI Conseil/a_Dconnexion' is clicked on

04-03-2024T16:01:49 - [MESSAGE][PASSED] - Object: 'Object Repository/Page_Crdit Auto  QSI Conseil/a_Dconnexion' is clicked on

04-03-2024T16:01:49 - [TEST_STEP][PASSED] - verifyElementPresent(findTestObject("Page_Crdit Auto  QSI Conseil/a_Accs Crdit Auto"), 0): Object 'Object Repository/Page_Crdit Auto  QSI Conseil/a_Accs Crdit Auto' is present

04-03-2024T16:01:49 - [MESSAGE][WARNING] - Timeout '0' is invalid. Using default page load timeout: '30'

04-03-2024T16:01:50 - [MESSAGE][PASSED] - Object 'Object Repository/Page_Crdit Auto  QSI Conseil/a_Accs Crdit Auto' is present

04-03-2024T16:01:50 - [TEST_STEP][PASSED] - closeBrowser(): Browser is closed

04-03-2024T16:01:50 - [MESSAGE][PASSED] - Browser is closed]]></system-out>
         <system-err><![CDATA[]]></system-err>
      </testcase>
      <testcase name="Test Cases/Connexion_Deconnexion_Profils_LDAP_Valide" time="16.098" classname="Test Cases/Connexion_Deconnexion_Profils_LDAP_Valide" status="PASSED">
         <system-out><![CDATA[04-03-2024T16:01:50 - [TEST_CASE][PASSED] - Test Cases/Connexion_Deconnexion_Profils_LDAP_Valide: Test Cases/Connexion_Deconnexion_Profils_LDAP_Valide

04-03-2024T16:01:50 - [TEST_STEP][PASSED] - openBrowser(""): Browser is opened with url: ''

04-03-2024T16:01:50 - [MESSAGE][INFO] - Starting 'Chrome' driver

04-03-2024T16:01:50 - [MESSAGE][INFO] - Action delay is set to 0 milliseconds

04-03-2024T16:01:52 - [MESSAGE][PASSED] - Browser is opened with url: ''

04-03-2024T16:01:52 - [TEST_STEP][PASSED] - navigateToUrl("http://credit-auto.qsiconseil.ma/"): Navigate to 'http://credit-auto.qsiconseil.ma/' successfully

04-03-2024T16:01:56 - [MESSAGE][PASSED] - Navigate to 'http://credit-auto.qsiconseil.ma/' successfully

04-03-2024T16:01:56 - [TEST_STEP][PASSED] - click(findTestObject("Object Repository/Page_Crdit Auto  QSI Conseil/a_Accs Crdit Auto")): Object: 'Object Repository/Page_Crdit Auto  QSI Conseil/a_Accs Crdit Auto' is clicked on

04-03-2024T16:01:58 - [MESSAGE][PASSED] - Object: 'Object Repository/Page_Crdit Auto  QSI Conseil/a_Accs Crdit Auto' is clicked on

04-03-2024T16:01:58 - [TEST_STEP][PASSED] - verifyElementText(findTestObject("Page_Crdit Auto  QSI Conseil/legend_Connectez-vous"), "Connectez-vous"): Actual text and expected text of test object 'Object Repository/Page_Crdit Auto  QSI Conseil/legend_Connectez-vous' are matched.

04-03-2024T16:01:59 - [MESSAGE][PASSED] - Actual text and expected text of test object 'Object Repository/Page_Crdit Auto  QSI Conseil/legend_Connectez-vous' are matched.

04-03-2024T16:01:59 - [TEST_STEP][PASSED] - setText(findTestObject("Object Repository/Page_Crdit Auto  QSI Conseil/input_concat(Nom d, , utilisateur)__username"), user): Text 'gcd' is set on object 'Object Repository/Page_Crdit Auto  QSI Conseil/input_concat(Nom d, , utilisateur)__username'

04-03-2024T16:02:00 - [MESSAGE][PASSED] - Text 'gcd' is set on object 'Object Repository/Page_Crdit Auto  QSI Conseil/input_concat(Nom d, , utilisateur)__username'

04-03-2024T16:02:00 - [TEST_STEP][PASSED] - setMaskedText(findTestObject("Object Repository/Page_Crdit Auto  QSI Conseil/input_Mot de passe__password"),*********): Text '*************' is set on object 'Object Repository/Page_Crdit Auto  QSI Conseil/input_Mot de passe__password'

04-03-2024T16:02:01 - [MESSAGE][PASSED] - Text '*************' is set on object 'Object Repository/Page_Crdit Auto  QSI Conseil/input_Mot de passe__password'

04-03-2024T16:02:01 - [TEST_STEP][PASSED] - click(findTestObject("Object Repository/Page_Crdit Auto  QSI Conseil/button_Se connecter")): Object: 'Object Repository/Page_Crdit Auto  QSI Conseil/button_Se connecter' is clicked on

04-03-2024T16:02:02 - [MESSAGE][PASSED] - Object: 'Object Repository/Page_Crdit Auto  QSI Conseil/button_Se connecter' is clicked on

04-03-2024T16:02:02 - [TEST_STEP][PASSED] - verifyElementText(findTestObject("Page_Crdit Auto  QSI Conseil/h4_Bienvenue sur lapplication Crdit Auto"), "Bienvenue sur l'application Crédit Auto"): Actual text and expected text of test object 'Object Repository/Page_Crdit Auto  QSI Conseil/h4_Bienvenue sur lapplication Crdit Auto' are matched.

04-03-2024T16:02:02 - [MESSAGE][PASSED] - Actual text and expected text of test object 'Object Repository/Page_Crdit Auto  QSI Conseil/h4_Bienvenue sur lapplication Crdit Auto' are matched.

04-03-2024T16:02:02 - [TEST_STEP][PASSED] - click(findTestObject("Object Repository/Page_Crdit Auto  QSI Conseil/a_Dconnexion")): Object: 'Object Repository/Page_Crdit Auto  QSI Conseil/a_Dconnexion' is clicked on

04-03-2024T16:02:06 - [MESSAGE][PASSED] - Object: 'Object Repository/Page_Crdit Auto  QSI Conseil/a_Dconnexion' is clicked on

04-03-2024T16:02:06 - [TEST_STEP][PASSED] - verifyElementPresent(findTestObject("Page_Crdit Auto  QSI Conseil/a_Accs Crdit Auto"), 0): Object 'Object Repository/Page_Crdit Auto  QSI Conseil/a_Accs Crdit Auto' is present

04-03-2024T16:02:06 - [MESSAGE][WARNING] - Timeout '0' is invalid. Using default page load timeout: '30'

04-03-2024T16:02:06 - [MESSAGE][PASSED] - Object 'Object Repository/Page_Crdit Auto  QSI Conseil/a_Accs Crdit Auto' is present

04-03-2024T16:02:06 - [TEST_STEP][PASSED] - closeBrowser(): Browser is closed

04-03-2024T16:02:06 - [MESSAGE][PASSED] - Browser is closed]]></system-out>
         <system-err><![CDATA[]]></system-err>
      </testcase>
      <testcase name="Test Cases/Connexion_Deconnexion_Profils_LDAP_Valide" time="13.378" classname="Test Cases/Connexion_Deconnexion_Profils_LDAP_Valide" status="PASSED">
         <system-out><![CDATA[04-03-2024T16:02:06 - [TEST_CASE][PASSED] - Test Cases/Connexion_Deconnexion_Profils_LDAP_Valide: Test Cases/Connexion_Deconnexion_Profils_LDAP_Valide

04-03-2024T16:02:06 - [TEST_STEP][PASSED] - openBrowser(""): Browser is opened with url: ''

04-03-2024T16:02:06 - [MESSAGE][INFO] - Starting 'Chrome' driver

04-03-2024T16:02:06 - [MESSAGE][INFO] - Action delay is set to 0 milliseconds

04-03-2024T16:02:08 - [MESSAGE][PASSED] - Browser is opened with url: ''

04-03-2024T16:02:08 - [TEST_STEP][PASSED] - navigateToUrl("http://credit-auto.qsiconseil.ma/"): Navigate to 'http://credit-auto.qsiconseil.ma/' successfully

04-03-2024T16:02:12 - [MESSAGE][PASSED] - Navigate to 'http://credit-auto.qsiconseil.ma/' successfully

04-03-2024T16:02:12 - [TEST_STEP][PASSED] - click(findTestObject("Object Repository/Page_Crdit Auto  QSI Conseil/a_Accs Crdit Auto")): Object: 'Object Repository/Page_Crdit Auto  QSI Conseil/a_Accs Crdit Auto' is clicked on

04-03-2024T16:02:13 - [MESSAGE][PASSED] - Object: 'Object Repository/Page_Crdit Auto  QSI Conseil/a_Accs Crdit Auto' is clicked on

04-03-2024T16:02:13 - [TEST_STEP][PASSED] - verifyElementText(findTestObject("Page_Crdit Auto  QSI Conseil/legend_Connectez-vous"), "Connectez-vous"): Actual text and expected text of test object 'Object Repository/Page_Crdit Auto  QSI Conseil/legend_Connectez-vous' are matched.

04-03-2024T16:02:14 - [MESSAGE][PASSED] - Actual text and expected text of test object 'Object Repository/Page_Crdit Auto  QSI Conseil/legend_Connectez-vous' are matched.

04-03-2024T16:02:14 - [TEST_STEP][PASSED] - setText(findTestObject("Object Repository/Page_Crdit Auto  QSI Conseil/input_concat(Nom d, , utilisateur)__username"), user): Text 'acd' is set on object 'Object Repository/Page_Crdit Auto  QSI Conseil/input_concat(Nom d, , utilisateur)__username'

04-03-2024T16:02:15 - [MESSAGE][PASSED] - Text 'acd' is set on object 'Object Repository/Page_Crdit Auto  QSI Conseil/input_concat(Nom d, , utilisateur)__username'

04-03-2024T16:02:15 - [TEST_STEP][PASSED] - setMaskedText(findTestObject("Object Repository/Page_Crdit Auto  QSI Conseil/input_Mot de passe__password"),*********): Text '*************' is set on object 'Object Repository/Page_Crdit Auto  QSI Conseil/input_Mot de passe__password'

04-03-2024T16:02:16 - [MESSAGE][PASSED] - Text '*************' is set on object 'Object Repository/Page_Crdit Auto  QSI Conseil/input_Mot de passe__password'

04-03-2024T16:02:16 - [TEST_STEP][PASSED] - click(findTestObject("Object Repository/Page_Crdit Auto  QSI Conseil/button_Se connecter")): Object: 'Object Repository/Page_Crdit Auto  QSI Conseil/button_Se connecter' is clicked on

04-03-2024T16:02:17 - [MESSAGE][PASSED] - Object: 'Object Repository/Page_Crdit Auto  QSI Conseil/button_Se connecter' is clicked on

04-03-2024T16:02:17 - [TEST_STEP][PASSED] - verifyElementText(findTestObject("Page_Crdit Auto  QSI Conseil/h4_Bienvenue sur lapplication Crdit Auto"), "Bienvenue sur l'application Crédit Auto"): Actual text and expected text of test object 'Object Repository/Page_Crdit Auto  QSI Conseil/h4_Bienvenue sur lapplication Crdit Auto' are matched.

04-03-2024T16:02:17 - [MESSAGE][PASSED] - Actual text and expected text of test object 'Object Repository/Page_Crdit Auto  QSI Conseil/h4_Bienvenue sur lapplication Crdit Auto' are matched.

04-03-2024T16:02:17 - [TEST_STEP][PASSED] - click(findTestObject("Object Repository/Page_Crdit Auto  QSI Conseil/a_Dconnexion")): Object: 'Object Repository/Page_Crdit Auto  QSI Conseil/a_Dconnexion' is clicked on

04-03-2024T16:02:19 - [MESSAGE][PASSED] - Object: 'Object Repository/Page_Crdit Auto  QSI Conseil/a_Dconnexion' is clicked on

04-03-2024T16:02:19 - [TEST_STEP][PASSED] - verifyElementPresent(findTestObject("Page_Crdit Auto  QSI Conseil/a_Accs Crdit Auto"), 0): Object 'Object Repository/Page_Crdit Auto  QSI Conseil/a_Accs Crdit Auto' is present

04-03-2024T16:02:19 - [MESSAGE][WARNING] - Timeout '0' is invalid. Using default page load timeout: '30'

04-03-2024T16:02:19 - [MESSAGE][PASSED] - Object 'Object Repository/Page_Crdit Auto  QSI Conseil/a_Accs Crdit Auto' is present

04-03-2024T16:02:19 - [TEST_STEP][PASSED] - closeBrowser(): Browser is closed

04-03-2024T16:02:20 - [MESSAGE][PASSED] - Browser is closed]]></system-out>
         <system-err><![CDATA[]]></system-err>
      </testcase>
      <system-out><![CDATA[04-03-2024T16:01:10 - [TEST_SUITE][PASSED] - Authentification: Test Cases/Connexion_Deconnexion_Profils_LDAP_Valide]]></system-out>
      <system-err><![CDATA[]]></system-err>
   </testsuite>
</testsuites>
