<?xml version="1.0" encoding="UTF-8"?>
<testsuites name="Authentification" time="66.771" tests="4" failures="0" errors="0">
   <testsuite name="Authentification" tests="4" failures="0" errors="0" time="66.771" skipped="0" timestamp="04-03-2024T12:23:58" hostname="momar - ordimomar" id="Test Suites/Authentification">
      <properties>
         <property name="deviceName" value=""/>
         <property name="devicePlatform" value=""/>
         <property name="logFolder" value="C:\\Users\\momar\\git\\POE_M2i_CA_V1.0-TestTNR\\Reports\\20240304_122341\\Authentification\\20240304_122341"/>
         <property name="logFiles" value="C:\\Users\\momar\\git\\POE_M2i_CA_V1.0-TestTNR\\Reports\\20240304_122341\\Authentification\\20240304_122341\\execution0.log"/>
         <property name="attachments" value=""/>
         <property name="hostName" value="momar - ordimomar"/>
         <property name="os" value="Windows 11 64bit"/>
         <property name="katalonVersion" value="9.3.1.212"/>
         <property name="browser" value="Chrome 122.0.0.0"/>
         <property name="hostAddress" value="192.168.56.1"/>
         <property name="sessionId" value="a392e7d1a8edc39cc08fa8fb6e346670"/>
         <property name="seleniumVersion" value="3.141.59"/>
         <property name="proxyInformation" value="ProxyInformation { proxyOption=NO_PROXY, proxyServerType=HTTP, username=, password=********, proxyServerAddress=, proxyServerPort=0, executionList=&quot;&quot;, isApplyToDesiredCapabilities=true }"/>
         <property name="platform" value="Windows 11"/>
      </properties>
      <testcase name="Test Cases/Connexion_Deconnexion_LDAP_Valide" time="19.396" classname="Test Cases/Connexion_Deconnexion_LDAP_Valide" status="PASSED">
         <system-out><![CDATA[04-03-2024T12:23:59 - [TEST_CASE][PASSED] - Test Cases/Connexion_Deconnexion_LDAP_Valide: Test Cases/Connexion_Deconnexion_LDAP_Valide

04-03-2024T12:24:00 - [TEST_STEP][PASSED] - openBrowser(""): Browser is opened with url: ''

04-03-2024T12:24:01 - [MESSAGE][INFO] - Starting 'Chrome' driver

04-03-2024T12:24:01 - [MESSAGE][INFO] - Action delay is set to 0 milliseconds

04-03-2024T12:24:05 - [MESSAGE][PASSED] - Browser is opened with url: ''

04-03-2024T12:24:05 - [TEST_STEP][PASSED] - navigateToUrl("http://credit-auto.qsiconseil.ma/"): Navigate to 'http://credit-auto.qsiconseil.ma/' successfully

04-03-2024T12:24:10 - [MESSAGE][PASSED] - Navigate to 'http://credit-auto.qsiconseil.ma/' successfully

04-03-2024T12:24:10 - [TEST_STEP][PASSED] - click(findTestObject("Object Repository/Page_Crdit Auto  QSI Conseil/a_Accs Crdit Auto")): Object: 'Object Repository/Page_Crdit Auto  QSI Conseil/a_Accs Crdit Auto' is clicked on

04-03-2024T12:24:12 - [MESSAGE][PASSED] - Object: 'Object Repository/Page_Crdit Auto  QSI Conseil/a_Accs Crdit Auto' is clicked on

04-03-2024T12:24:12 - [TEST_STEP][PASSED] - setText(findTestObject("Object Repository/Page_Crdit Auto  QSI Conseil/input_concat(Nom d, , utilisateur)__username"), user): Text 'rcd' is set on object 'Object Repository/Page_Crdit Auto  QSI Conseil/input_concat(Nom d, , utilisateur)__username'

04-03-2024T12:24:13 - [MESSAGE][PASSED] - Text 'rcd' is set on object 'Object Repository/Page_Crdit Auto  QSI Conseil/input_concat(Nom d, , utilisateur)__username'

04-03-2024T12:24:13 - [TEST_STEP][PASSED] - setMaskedText(findTestObject("Object Repository/Page_Crdit Auto  QSI Conseil/input_Mot de passe__password"),*********): Text '*************' is set on object 'Object Repository/Page_Crdit Auto  QSI Conseil/input_Mot de passe__password'

04-03-2024T12:24:14 - [MESSAGE][PASSED] - Text '*************' is set on object 'Object Repository/Page_Crdit Auto  QSI Conseil/input_Mot de passe__password'

04-03-2024T12:24:14 - [TEST_STEP][PASSED] - click(findTestObject("Object Repository/Page_Crdit Auto  QSI Conseil/button_Se connecter")): Object: 'Object Repository/Page_Crdit Auto  QSI Conseil/button_Se connecter' is clicked on

04-03-2024T12:24:16 - [MESSAGE][PASSED] - Object: 'Object Repository/Page_Crdit Auto  QSI Conseil/button_Se connecter' is clicked on

04-03-2024T12:24:16 - [TEST_STEP][PASSED] - click(findTestObject("Object Repository/Page_Crdit Auto  QSI Conseil/a_Dconnexion")): Object: 'Object Repository/Page_Crdit Auto  QSI Conseil/a_Dconnexion' is clicked on

04-03-2024T12:24:17 - [MESSAGE][PASSED] - Object: 'Object Repository/Page_Crdit Auto  QSI Conseil/a_Dconnexion' is clicked on

04-03-2024T12:24:17 - [TEST_STEP][PASSED] - closeBrowser(): Browser is closed

04-03-2024T12:24:18 - [MESSAGE][PASSED] - Browser is closed]]></system-out>
         <system-err><![CDATA[]]></system-err>
      </testcase>
      <testcase name="Test Cases/Connexion_Deconnexion_LDAP_Valide" time="14.913" classname="Test Cases/Connexion_Deconnexion_LDAP_Valide" status="PASSED">
         <system-out><![CDATA[04-03-2024T12:24:18 - [TEST_CASE][PASSED] - Test Cases/Connexion_Deconnexion_LDAP_Valide: Test Cases/Connexion_Deconnexion_LDAP_Valide

04-03-2024T12:24:18 - [TEST_STEP][PASSED] - openBrowser(""): Browser is opened with url: ''

04-03-2024T12:24:18 - [MESSAGE][INFO] - Starting 'Chrome' driver

04-03-2024T12:24:18 - [MESSAGE][INFO] - Action delay is set to 0 milliseconds

04-03-2024T12:24:21 - [MESSAGE][PASSED] - Browser is opened with url: ''

04-03-2024T12:24:21 - [TEST_STEP][PASSED] - navigateToUrl("http://credit-auto.qsiconseil.ma/"): Navigate to 'http://credit-auto.qsiconseil.ma/' successfully

04-03-2024T12:24:25 - [MESSAGE][PASSED] - Navigate to 'http://credit-auto.qsiconseil.ma/' successfully

04-03-2024T12:24:25 - [TEST_STEP][PASSED] - click(findTestObject("Object Repository/Page_Crdit Auto  QSI Conseil/a_Accs Crdit Auto")): Object: 'Object Repository/Page_Crdit Auto  QSI Conseil/a_Accs Crdit Auto' is clicked on

04-03-2024T12:24:27 - [MESSAGE][PASSED] - Object: 'Object Repository/Page_Crdit Auto  QSI Conseil/a_Accs Crdit Auto' is clicked on

04-03-2024T12:24:27 - [TEST_STEP][PASSED] - setText(findTestObject("Object Repository/Page_Crdit Auto  QSI Conseil/input_concat(Nom d, , utilisateur)__username"), user): Text 'lcd' is set on object 'Object Repository/Page_Crdit Auto  QSI Conseil/input_concat(Nom d, , utilisateur)__username'

04-03-2024T12:24:28 - [MESSAGE][PASSED] - Text 'lcd' is set on object 'Object Repository/Page_Crdit Auto  QSI Conseil/input_concat(Nom d, , utilisateur)__username'

04-03-2024T12:24:28 - [TEST_STEP][PASSED] - setMaskedText(findTestObject("Object Repository/Page_Crdit Auto  QSI Conseil/input_Mot de passe__password"),*********): Text '*************' is set on object 'Object Repository/Page_Crdit Auto  QSI Conseil/input_Mot de passe__password'

04-03-2024T12:24:29 - [MESSAGE][PASSED] - Text '*************' is set on object 'Object Repository/Page_Crdit Auto  QSI Conseil/input_Mot de passe__password'

04-03-2024T12:24:29 - [TEST_STEP][PASSED] - click(findTestObject("Object Repository/Page_Crdit Auto  QSI Conseil/button_Se connecter")): Object: 'Object Repository/Page_Crdit Auto  QSI Conseil/button_Se connecter' is clicked on

04-03-2024T12:24:31 - [MESSAGE][PASSED] - Object: 'Object Repository/Page_Crdit Auto  QSI Conseil/button_Se connecter' is clicked on

04-03-2024T12:24:31 - [TEST_STEP][PASSED] - click(findTestObject("Object Repository/Page_Crdit Auto  QSI Conseil/a_Dconnexion")): Object: 'Object Repository/Page_Crdit Auto  QSI Conseil/a_Dconnexion' is clicked on

04-03-2024T12:24:32 - [MESSAGE][PASSED] - Object: 'Object Repository/Page_Crdit Auto  QSI Conseil/a_Dconnexion' is clicked on

04-03-2024T12:24:32 - [TEST_STEP][PASSED] - closeBrowser(): Browser is closed

04-03-2024T12:24:33 - [MESSAGE][PASSED] - Browser is closed]]></system-out>
         <system-err><![CDATA[]]></system-err>
      </testcase>
      <testcase name="Test Cases/Connexion_Deconnexion_LDAP_Valide" time="14.176" classname="Test Cases/Connexion_Deconnexion_LDAP_Valide" status="PASSED">
         <system-out><![CDATA[04-03-2024T12:24:33 - [TEST_CASE][PASSED] - Test Cases/Connexion_Deconnexion_LDAP_Valide: Test Cases/Connexion_Deconnexion_LDAP_Valide

04-03-2024T12:24:33 - [TEST_STEP][PASSED] - openBrowser(""): Browser is opened with url: ''

04-03-2024T12:24:33 - [MESSAGE][INFO] - Starting 'Chrome' driver

04-03-2024T12:24:33 - [MESSAGE][INFO] - Action delay is set to 0 milliseconds

04-03-2024T12:24:36 - [MESSAGE][PASSED] - Browser is opened with url: ''

04-03-2024T12:24:36 - [TEST_STEP][PASSED] - navigateToUrl("http://credit-auto.qsiconseil.ma/"): Navigate to 'http://credit-auto.qsiconseil.ma/' successfully

04-03-2024T12:24:40 - [MESSAGE][PASSED] - Navigate to 'http://credit-auto.qsiconseil.ma/' successfully

04-03-2024T12:24:40 - [TEST_STEP][PASSED] - click(findTestObject("Object Repository/Page_Crdit Auto  QSI Conseil/a_Accs Crdit Auto")): Object: 'Object Repository/Page_Crdit Auto  QSI Conseil/a_Accs Crdit Auto' is clicked on

04-03-2024T12:24:41 - [MESSAGE][PASSED] - Object: 'Object Repository/Page_Crdit Auto  QSI Conseil/a_Accs Crdit Auto' is clicked on

04-03-2024T12:24:41 - [TEST_STEP][PASSED] - setText(findTestObject("Object Repository/Page_Crdit Auto  QSI Conseil/input_concat(Nom d, , utilisateur)__username"), user): Text 'gcd' is set on object 'Object Repository/Page_Crdit Auto  QSI Conseil/input_concat(Nom d, , utilisateur)__username'

04-03-2024T12:24:42 - [MESSAGE][PASSED] - Text 'gcd' is set on object 'Object Repository/Page_Crdit Auto  QSI Conseil/input_concat(Nom d, , utilisateur)__username'

04-03-2024T12:24:42 - [TEST_STEP][PASSED] - setMaskedText(findTestObject("Object Repository/Page_Crdit Auto  QSI Conseil/input_Mot de passe__password"),*********): Text '*************' is set on object 'Object Repository/Page_Crdit Auto  QSI Conseil/input_Mot de passe__password'

04-03-2024T12:24:44 - [MESSAGE][PASSED] - Text '*************' is set on object 'Object Repository/Page_Crdit Auto  QSI Conseil/input_Mot de passe__password'

04-03-2024T12:24:44 - [TEST_STEP][PASSED] - click(findTestObject("Object Repository/Page_Crdit Auto  QSI Conseil/button_Se connecter")): Object: 'Object Repository/Page_Crdit Auto  QSI Conseil/button_Se connecter' is clicked on

04-03-2024T12:24:45 - [MESSAGE][PASSED] - Object: 'Object Repository/Page_Crdit Auto  QSI Conseil/button_Se connecter' is clicked on

04-03-2024T12:24:45 - [TEST_STEP][PASSED] - click(findTestObject("Object Repository/Page_Crdit Auto  QSI Conseil/a_Dconnexion")): Object: 'Object Repository/Page_Crdit Auto  QSI Conseil/a_Dconnexion' is clicked on

04-03-2024T12:24:47 - [MESSAGE][PASSED] - Object: 'Object Repository/Page_Crdit Auto  QSI Conseil/a_Dconnexion' is clicked on

04-03-2024T12:24:47 - [TEST_STEP][PASSED] - closeBrowser(): Browser is closed

04-03-2024T12:24:47 - [MESSAGE][PASSED] - Browser is closed]]></system-out>
         <system-err><![CDATA[]]></system-err>
      </testcase>
      <testcase name="Test Cases/Connexion_Deconnexion_LDAP_Valide" time="16.979" classname="Test Cases/Connexion_Deconnexion_LDAP_Valide" status="PASSED">
         <system-out><![CDATA[04-03-2024T12:24:48 - [TEST_CASE][PASSED] - Test Cases/Connexion_Deconnexion_LDAP_Valide: Test Cases/Connexion_Deconnexion_LDAP_Valide

04-03-2024T12:24:48 - [TEST_STEP][PASSED] - openBrowser(""): Browser is opened with url: ''

04-03-2024T12:24:48 - [MESSAGE][INFO] - Starting 'Chrome' driver

04-03-2024T12:24:48 - [MESSAGE][INFO] - Action delay is set to 0 milliseconds

04-03-2024T12:24:50 - [MESSAGE][PASSED] - Browser is opened with url: ''

04-03-2024T12:24:50 - [TEST_STEP][PASSED] - navigateToUrl("http://credit-auto.qsiconseil.ma/"): Navigate to 'http://credit-auto.qsiconseil.ma/' successfully

04-03-2024T12:24:55 - [MESSAGE][PASSED] - Navigate to 'http://credit-auto.qsiconseil.ma/' successfully

04-03-2024T12:24:55 - [TEST_STEP][PASSED] - click(findTestObject("Object Repository/Page_Crdit Auto  QSI Conseil/a_Accs Crdit Auto")): Object: 'Object Repository/Page_Crdit Auto  QSI Conseil/a_Accs Crdit Auto' is clicked on

04-03-2024T12:24:56 - [MESSAGE][PASSED] - Object: 'Object Repository/Page_Crdit Auto  QSI Conseil/a_Accs Crdit Auto' is clicked on

04-03-2024T12:24:56 - [TEST_STEP][PASSED] - setText(findTestObject("Object Repository/Page_Crdit Auto  QSI Conseil/input_concat(Nom d, , utilisateur)__username"), user): Text 'acd' is set on object 'Object Repository/Page_Crdit Auto  QSI Conseil/input_concat(Nom d, , utilisateur)__username'

04-03-2024T12:24:57 - [MESSAGE][PASSED] - Text 'acd' is set on object 'Object Repository/Page_Crdit Auto  QSI Conseil/input_concat(Nom d, , utilisateur)__username'

04-03-2024T12:24:57 - [TEST_STEP][PASSED] - setMaskedText(findTestObject("Object Repository/Page_Crdit Auto  QSI Conseil/input_Mot de passe__password"),*********): Text '*************' is set on object 'Object Repository/Page_Crdit Auto  QSI Conseil/input_Mot de passe__password'

04-03-2024T12:24:58 - [MESSAGE][PASSED] - Text '*************' is set on object 'Object Repository/Page_Crdit Auto  QSI Conseil/input_Mot de passe__password'

04-03-2024T12:24:58 - [TEST_STEP][PASSED] - click(findTestObject("Object Repository/Page_Crdit Auto  QSI Conseil/button_Se connecter")): Object: 'Object Repository/Page_Crdit Auto  QSI Conseil/button_Se connecter' is clicked on

04-03-2024T12:25:00 - [MESSAGE][PASSED] - Object: 'Object Repository/Page_Crdit Auto  QSI Conseil/button_Se connecter' is clicked on

04-03-2024T12:25:00 - [TEST_STEP][PASSED] - click(findTestObject("Object Repository/Page_Crdit Auto  QSI Conseil/a_Dconnexion")): Object: 'Object Repository/Page_Crdit Auto  QSI Conseil/a_Dconnexion' is clicked on

04-03-2024T12:25:04 - [MESSAGE][PASSED] - Object: 'Object Repository/Page_Crdit Auto  QSI Conseil/a_Dconnexion' is clicked on

04-03-2024T12:25:04 - [TEST_STEP][PASSED] - closeBrowser(): Browser is closed

04-03-2024T12:25:05 - [MESSAGE][PASSED] - Browser is closed]]></system-out>
         <system-err><![CDATA[]]></system-err>
      </testcase>
      <system-out><![CDATA[04-03-2024T12:23:58 - [TEST_SUITE][PASSED] - Authentification: Test Cases/Connexion_Deconnexion_LDAP_Valide]]></system-out>
      <system-err><![CDATA[]]></system-err>
   </testsuite>
</testsuites>
